<?xml version="1.0" encoding="UTF-8"?>
<!-- Generated by org.testng.reporters.JUnitReportReporter -->
<testsuite hostname="MBP-42.lan" failures="0" tests="1" name="org.example.NameGeneratorTests" time="14.054" errors="0" timestamp="2022-06-27T14:38:40 EDT" skipped="0">
  <testcase classname="org.example.NameGeneratorTests" name="generateNameDisplaysText" time="14.054"/>
</testsuite> <!-- org.example.NameGeneratorTests -->
