<?xml version="1.0" encoding="UTF-8"?>
<!-- Generated by org.testng.reporters.JUnitReportReporter -->
<testsuite hostname="MBP-42.lan" failures="0" tests="2" name="org.example.TestTemplate" time="14.434" errors="0" timestamp="2022-06-27T16:35:35 EDT" skipped="0">
  <testcase classname="org.example.TestTemplate" name="generateNameDisplaysText" time="13.870"/>
  <testcase classname="org.example.TestTemplate" name="visitDeityPage" time="0.564"/>
</testsuite> <!-- org.example.TestTemplate -->
